--------------- Build Started: 09/22/2017 10:16:05 Project: Frequency_Measurement_Using_PSoC4_BLE, Configuration: ARM GCC 4.9-2015-q1-update Debug ---------------
cydsfit.exe -.appdatapath "C:\Users\owono\AppData\Local\Cypress Semiconductor\PSoC Creator\3.3" -.fdsnotice -.fdswarpdepfile=warp_dependencies.txt -.fdselabdepfile=elab_dependencies.txt -.fdsbldfile=generated_files.txt -p "C:\Users\owono\Documents\PSoC Creator\Old_Stuff\Frequency_Measurement_Using_PSoC4_BLE\Frequency_Measurement_Using_PSoC4_BLE\Frequency_Measurement_Using_PSoC4_BLE.cydsn\Frequency_Measurement_Using_PSoC4_BLE.cyprj" -d CY8C4247LQI-BL483 -s "C:\Users\owono\Documents\PSoC Creator\Old_Stuff\Frequency_Measurement_Using_PSoC4_BLE\Frequency_Measurement_Using_PSoC4_BLE\Frequency_Measurement_Using_PSoC4_BLE.cydsn\Generated_Source\PSoC4" -- -yv2 -q10 -ygs -o2 -v3 -.fftcfgtype=LE
Elaborating Design...
HDL Generation ...
Synthesis ...
Place and Route ...
Tech mapping ...
Analog Placement ...
Info: plm.M0038: The pin named Frequency_Input(0) at location [IOP=(1)][IoId=(1)] prevents usage of special purposes: F(OA,2). (App=cydsfit)
Info: plm.M0038: The pin named Pin_1(0) at location [IOP=(1)][IoId=(3)] prevents usage of special purposes: F(OA,3). (App=cydsfit)
Info: plm.M0038: The pin named Test_Signal(0) at location [IOP=(1)][IoId=(2)] prevents usage of special purposes: F(OA,2). (App=cydsfit)
Analog Routing ...
Analog Code Generation ...
Digital Placement ...
Digital Routing ...
Bitstream Generation ...
Static timing analysis ...
API Generation ...
Dependency Generation ...
Clean Temporary Files ...
The compile step is up to date, no work needs to be done.
arm-none-eabi-ar.exe -rs .\CortexM0\ARM_GCC_493\Debug\Frequency_Measurement_Using_PSoC4_BLE.a .\CortexM0\ARM_GCC_493\Debug\cyfitter_cfg.o .\CortexM0\ARM_GCC_493\Debug\Frequency_Input.o .\CortexM0\ARM_GCC_493\Debug\Frequency_Input_PM.o .\CortexM0\ARM_GCC_493\Debug\Comp_PosInput.o .\CortexM0\ARM_GCC_493\Debug\Comp_PosInput_PM.o .\CortexM0\ARM_GCC_493\Debug\Comp_NegInput.o .\CortexM0\ARM_GCC_493\Debug\Comp_NegInput_PM.o .\CortexM0\ARM_GCC_493\Debug\Comp_Out.o .\CortexM0\ARM_GCC_493\Debug\Comp_Out_PM.o .\CortexM0\ARM_GCC_493\Debug\PWM_2s.o .\CortexM0\ARM_GCC_493\Debug\PWM_2s_PM.o .\CortexM0\ARM_GCC_493\Debug\Pin_1.o .\CortexM0\ARM_GCC_493\Debug\Pin_1_PM.o .\CortexM0\ARM_GCC_493\Debug\Input_Signal_Counter2.o .\CortexM0\ARM_GCC_493\Debug\Input_Signal_Counter2_PM.o .\CortexM0\ARM_GCC_493\Debug\Clock_1.o .\CortexM0\ARM_GCC_493\Debug\Input_Signal_Counter1.o .\CortexM0\ARM_GCC_493\Debug\Input_Signal_Counter1_PM.o .\CortexM0\ARM_GCC_493\Debug\Clock_5.o .\CortexM0\ARM_GCC_493\Debug\Ref_Clock_Counter1.o .\CortexM0\ARM_GCC_493\Debug\Ref_Clock_Counter1_PM.o .\CortexM0\ARM_GCC_493\Debug\Ref_Clock_Counter2.o .\CortexM0\ARM_GCC_493\Debug\Ref_Clock_Counter2_PM.o .\CortexM0\ARM_GCC_493\Debug\UART.o .\CortexM0\ARM_GCC_493\Debug\UART_SPI_UART.o .\CortexM0\ARM_GCC_493\Debug\UART_SPI_UART_INT.o .\CortexM0\ARM_GCC_493\Debug\UART_PM.o .\CortexM0\ARM_GCC_493\Debug\UART_UART.o .\CortexM0\ARM_GCC_493\Debug\UART_BOOT.o .\CortexM0\ARM_GCC_493\Debug\UART_UART_BOOT.o .\CortexM0\ARM_GCC_493\Debug\Status_LED.o .\CortexM0\ARM_GCC_493\Debug\Status_LED_PM.o .\CortexM0\ARM_GCC_493\Debug\Comparator.o .\CortexM0\ARM_GCC_493\Debug\Comparator_PM.o .\CortexM0\ARM_GCC_493\Debug\Pin_2.o .\CortexM0\ARM_GCC_493\Debug\Pin_2_PM.o .\CortexM0\ARM_GCC_493\Debug\BLE.o .\CortexM0\ARM_GCC_493\Debug\BLE_gatt.o .\CortexM0\ARM_GCC_493\Debug\BLE_eventHandler.o .\CortexM0\ARM_GCC_493\Debug\BLE_HAL_INT.o .\CortexM0\ARM_GCC_493\Debug\BLE_HAL_PVT.o .\CortexM0\ARM_GCC_493\Debug\BLE_custom.o .\CortexM0\ARM_GCC_493\Debug\PWM_2s_ISR.o .\CortexM0\ARM_GCC_493\Debug\Test_Signal.o .\CortexM0\ARM_GCC_493\Debug\Test_Signal_PM.o .\CortexM0\ARM_GCC_493\Debug\Clock_2.o .\CortexM0\ARM_GCC_493\Debug\Opamp_1.o .\CortexM0\ARM_GCC_493\Debug\Opamp_1_PM.o .\CortexM0\ARM_GCC_493\Debug\Buffer_Pos.o .\CortexM0\ARM_GCC_493\Debug\Buffer_Pos_PM.o .\CortexM0\ARM_GCC_493\Debug\Buffer_Out.o .\CortexM0\ARM_GCC_493\Debug\Buffer_Out_PM.o .\CortexM0\ARM_GCC_493\Debug\Input_Sig_Ctr_ISR.o .\CortexM0\ARM_GCC_493\Debug\Ref_Clk_Ctr_ISR.o .\CortexM0\ARM_GCC_493\Debug\UART_SCBCLK.o .\CortexM0\ARM_GCC_493\Debug\UART_tx.o .\CortexM0\ARM_GCC_493\Debug\UART_tx_PM.o .\CortexM0\ARM_GCC_493\Debug\BLE_bless_isr.o .\CortexM0\ARM_GCC_493\Debug\CyBootAsmGnu.o .\CortexM0\ARM_GCC_493\Debug\CyFlash.o .\CortexM0\ARM_GCC_493\Debug\CyLib.o .\CortexM0\ARM_GCC_493\Debug\cyPm.o .\CortexM0\ARM_GCC_493\Debug\cyutils.o .\CortexM0\ARM_GCC_493\Debug\CyLFClk.o
arm-none-eabi-ar.exe: creating .\CortexM0\ARM_GCC_493\Debug\Frequency_Measurement_Using_PSoC4_BLE.a
arm-none-eabi-gcc.exe -Wl,--start-group -o .\CortexM0\ARM_GCC_493\Debug\Frequency_Measurement_Using_PSoC4_BLE.elf .\CortexM0\ARM_GCC_493\Debug\main.o .\CortexM0\ARM_GCC_493\Debug\Communication.o .\CortexM0\ARM_GCC_493\Debug\BLEApplications.o .\CortexM0\ARM_GCC_493\Debug\FrequencyCounter.o .\CortexM0\ARM_GCC_493\Debug\cymetadata.o .\CortexM0\ARM_GCC_493\Debug\Cm0Start.o .\CortexM0\ARM_GCC_493\Debug\Frequency_Measurement_Using_PSoC4_BLE.a "C:\Program Files (x86)\Cypress\PSoC Creator\3.3\PSoC Creator\psoc\content\cycomponentlibrary\CyComponentLibrary.cylib\BLE_v3_10\Library\gccCyBLEStack_BLE_SOC_PERIPHERAL.a" "C:\Program Files (x86)\Cypress\PSoC Creator\3.3\PSoC Creator\psoc\content\cycomponentlibrary\CyComponentLibrary.cylib\CortexM0\ARM_GCC_493\Debug\CyComponentLibrary.a" -mcpu=cortex-m0 -mthumb -g -ffunction-sections -O0 -ffat-lto-objects -l m -L Generated_Source\PSoC4 -Wl,-Map,.\CortexM0\ARM_GCC_493\Debug/Frequency_Measurement_Using_PSoC4_BLE.map -T Generated_Source\PSoC4\cm0gcc.ld -specs=nano.specs -Wl,--gc-sections -Wl,--end-group
cyelftool.exe -C "C:\Users\owono\Documents\PSoC Creator\Old_Stuff\Frequency_Measurement_Using_PSoC4_BLE\Frequency_Measurement_Using_PSoC4_BLE\Frequency_Measurement_Using_PSoC4_BLE.cydsn\CortexM0\ARM_GCC_493\Debug\Frequency_Measurement_Using_PSoC4_BLE.elf" --flash_row_size 128 --flash_size 131072
cyelftool.exe -S "C:\Users\owono\Documents\PSoC Creator\Old_Stuff\Frequency_Measurement_Using_PSoC4_BLE\Frequency_Measurement_Using_PSoC4_BLE\Frequency_Measurement_Using_PSoC4_BLE.cydsn\CortexM0\ARM_GCC_493\Debug\Frequency_Measurement_Using_PSoC4_BLE.elf"
Flash used: 89088 of 131072 bytes (68,0%).
SRAM used: 10616 of 16384 bytes (64,8%). Stack: 2048 bytes. Heap: 0 bytes.
--------------- Build Succeeded: 09/22/2017 10:16:17 ---------------
